
(waybar:9989): Gtk-WARNING **: 14:13:16.439: Theme parsing error: gtk.css:2:9: 'display' is not a valid property name
[2025-09-26 14:13:16.475] [info] Using configuration file /home/sujjalbtw/.config/waybar/config.jsonc
[2025-09-26 14:13:16.480] [info] Discovered appearance 'dark'
[2025-09-26 14:13:16.509] [info] Using CSS file /home/sujjalbtw/.config/waybar/style.css
[2025-09-26 14:13:16.518] [info] Hyprland IPC starting
[2025-09-26 14:13:16.521] [info] Loading persistent workspaces from Hyprland workspace rules
[2025-09-26 14:13:16.521] [warning] 'swap-icon-label' must be a bool.
[2025-09-26 14:13:16.625] [warning] Requested height: 28 is less than the minimum height: 46 required by the modules
[2025-09-26 14:13:16.625] [info] Bar configured (width: 1920, height: 46) for output: eDP-1
Traceback (most recent call last):
  File "/usr/lib/python3.13/site-packages/urllib3/connection.py", line 198, in _new_conn
    sock = connection.create_connection(
        (self._dns_host, self.port),
    ...<2 lines>...
        socket_options=self.socket_options,
    )
  File "/usr/lib/python3.13/site-packages/urllib3/util/connection.py", line 60, in create_connection
    for res in socket.getaddrinfo(host, port, family, socket.SOCK_STREAM):
               ~~~~~~~~~~~~~~~~~~^^^^^^^^^^^^^^^^^^^^^^^^^^^^^^^^^^^^^^^^
  File "/usr/lib/python3.13/socket.py", line 977, in getaddrinfo
    for res in _socket.getaddrinfo(host, port, family, type, proto, flags):
               ~~~~~~~~~~~~~~~~~~~^^^^^^^^^^^^^^^^^^^^^^^^^^^^^^^^^^^^^^^^
socket.gaierror: [Errno -3] Temporary failure in name resolution

The above exception was the direct cause of the following exception:

Traceback (most recent call last):
  File "/usr/lib/python3.13/site-packages/urllib3/connectionpool.py", line 787, in urlopen
    response = self._make_request(
        conn,
    ...<10 lines>...
        **response_kw,
    )
  File "/usr/lib/python3.13/site-packages/urllib3/connectionpool.py", line 488, in _make_request
    raise new_e
  File "/usr/lib/python3.13/site-packages/urllib3/connectionpool.py", line 464, in _make_request
    self._validate_conn(conn)
    ~~~~~~~~~~~~~~~~~~~^^^^^^
  File "/usr/lib/python3.13/site-packages/urllib3/connectionpool.py", line 1093, in _validate_conn
    conn.connect()
    ~~~~~~~~~~~~^^
  File "/usr/lib/python3.13/site-packages/urllib3/connection.py", line 753, in connect
    self.sock = sock = self._new_conn()
                       ~~~~~~~~~~~~~~^^
  File "/usr/lib/python3.13/site-packages/urllib3/connection.py", line 205, in _new_conn
    raise NameResolutionError(self.host, self, e) from e
urllib3.exceptions.NameResolutionError: <urllib3.connection.HTTPSConnection object at 0x7f80d9262e40>: Failed to resolve 'wttr.in' ([Errno -3] Temporary failure in name resolution)

The above exception was the direct cause of the following exception:

Traceback (most recent call last):
  File "/usr/lib/python3.13/site-packages/requests/adapters.py", line 644, in send
    resp = conn.urlopen(
        method=request.method,
    ...<9 lines>...
        chunked=chunked,
    )
  File "/usr/lib/python3.13/site-packages/urllib3/connectionpool.py", line 841, in urlopen
    retries = retries.increment(
        method, url, error=new_e, _pool=self, _stacktrace=sys.exc_info()[2]
    )
  File "/usr/lib/python3.13/site-packages/urllib3/util/retry.py", line 519, in increment
    raise MaxRetryError(_pool, url, reason) from reason  # type: ignore[arg-type]
    ^^^^^^^^^^^^^^^^^^^^^^^^^^^^^^^^^^^^^^^^^^^^^^^^^^^
urllib3.exceptions.MaxRetryError: HTTPSConnectionPool(host='wttr.in', port=443): Max retries exceeded with url: /?format=j1 (Caused by NameResolutionError("<urllib3.connection.HTTPSConnection object at 0x7f80d9262e40>: Failed to resolve 'wttr.in' ([Errno -3] Temporary failure in name resolution)"))

During handling of the above exception, another exception occurred:

Traceback (most recent call last):
  File "/home/sujjalbtw/.config/waybar/scripts/waybar-wttr.py", line 61, in <module>
    weather = requests.get("https://wttr.in/?format=j1").json()
              ~~~~~~~~~~~~^^^^^^^^^^^^^^^^^^^^^^^^^^^^^^
  File "/usr/lib/python3.13/site-packages/requests/api.py", line 73, in get
    return request("get", url, params=params, **kwargs)
  File "/usr/lib/python3.13/site-packages/requests/api.py", line 59, in request
    return session.request(method=method, url=url, **kwargs)
           ~~~~~~~~~~~~~~~^^^^^^^^^^^^^^^^^^^^^^^^^^^^^^^^^^
  File "/usr/lib/python3.13/site-packages/requests/sessions.py", line 589, in request
    resp = self.send(prep, **send_kwargs)
  File "/usr/lib/python3.13/site-packages/requests/sessions.py", line 703, in send
    r = adapter.send(request, **kwargs)
  File "/usr/lib/python3.13/site-packages/requests/adapters.py", line 677, in send
    raise ConnectionError(e, request=request)
requests.exceptions.ConnectionError: HTTPSConnectionPool(host='wttr.in', port=443): Max retries exceeded with url: /?format=j1 (Caused by NameResolutionError("<urllib3.connection.HTTPSConnection object at 0x7f80d9262e40>: Failed to resolve 'wttr.in' ([Errno -3] Temporary failure in name resolution)"))
Traceback (most recent call last):
  File "/usr/lib/python3.13/site-packages/urllib3/connection.py", line 198, in _new_conn
    sock = connection.create_connection(
        (self._dns_host, self.port),
    ...<2 lines>...
        socket_options=self.socket_options,
    )
  File "/usr/lib/python3.13/site-packages/urllib3/util/connection.py", line 60, in create_connection
    for res in socket.getaddrinfo(host, port, family, socket.SOCK_STREAM):
               ~~~~~~~~~~~~~~~~~~^^^^^^^^^^^^^^^^^^^^^^^^^^^^^^^^^^^^^^^^
  File "/usr/lib/python3.13/socket.py", line 977, in getaddrinfo
    for res in _socket.getaddrinfo(host, port, family, type, proto, flags):
               ~~~~~~~~~~~~~~~~~~~^^^^^^^^^^^^^^^^^^^^^^^^^^^^^^^^^^^^^^^^
socket.gaierror: [Errno -3] Temporary failure in name resolution

The above exception was the direct cause of the following exception:

Traceback (most recent call last):
  File "/usr/lib/python3.13/site-packages/urllib3/connectionpool.py", line 787, in urlopen
    response = self._make_request(
        conn,
    ...<10 lines>...
        **response_kw,
    )
  File "/usr/lib/python3.13/site-packages/urllib3/connectionpool.py", line 488, in _make_request
    raise new_e
  File "/usr/lib/python3.13/site-packages/urllib3/connectionpool.py", line 464, in _make_request
    self._validate_conn(conn)
    ~~~~~~~~~~~~~~~~~~~^^^^^^
  File "/usr/lib/python3.13/site-packages/urllib3/connectionpool.py", line 1093, in _validate_conn
    conn.connect()
    ~~~~~~~~~~~~^^
  File "/usr/lib/python3.13/site-packages/urllib3/connection.py", line 753, in connect
    self.sock = sock = self._new_conn()
                       ~~~~~~~~~~~~~~^^
  File "/usr/lib/python3.13/site-packages/urllib3/connection.py", line 205, in _new_conn
    raise NameResolutionError(self.host, self, e) from e
urllib3.exceptions.NameResolutionError: <urllib3.connection.HTTPSConnection object at 0x7fcab0b36e40>: Failed to resolve 'wttr.in' ([Errno -3] Temporary failure in name resolution)

The above exception was the direct cause of the following exception:

Traceback (most recent call last):
  File "/usr/lib/python3.13/site-packages/requests/adapters.py", line 644, in send
    resp = conn.urlopen(
        method=request.method,
    ...<9 lines>...
        chunked=chunked,
    )
  File "/usr/lib/python3.13/site-packages/urllib3/connectionpool.py", line 841, in urlopen
    retries = retries.increment(
        method, url, error=new_e, _pool=self, _stacktrace=sys.exc_info()[2]
    )
  File "/usr/lib/python3.13/site-packages/urllib3/util/retry.py", line 519, in increment
    raise MaxRetryError(_pool, url, reason) from reason  # type: ignore[arg-type]
    ^^^^^^^^^^^^^^^^^^^^^^^^^^^^^^^^^^^^^^^^^^^^^^^^^^^
urllib3.exceptions.MaxRetryError: HTTPSConnectionPool(host='wttr.in', port=443): Max retries exceeded with url: /?format=j1 (Caused by NameResolutionError("<urllib3.connection.HTTPSConnection object at 0x7fcab0b36e40>: Failed to resolve 'wttr.in' ([Errno -3] Temporary failure in name resolution)"))

During handling of the above exception, another exception occurred:

Traceback (most recent call last):
  File "/home/sujjalbtw/.config/waybar/scripts/waybar-wttr.py", line 61, in <module>
    weather = requests.get("https://wttr.in/?format=j1").json()
              ~~~~~~~~~~~~^^^^^^^^^^^^^^^^^^^^^^^^^^^^^^
  File "/usr/lib/python3.13/site-packages/requests/api.py", line 73, in get
    return request("get", url, params=params, **kwargs)
  File "/usr/lib/python3.13/site-packages/requests/api.py", line 59, in request
    return session.request(method=method, url=url, **kwargs)
           ~~~~~~~~~~~~~~~^^^^^^^^^^^^^^^^^^^^^^^^^^^^^^^^^^
  File "/usr/lib/python3.13/site-packages/requests/sessions.py", line 589, in request
    resp = self.send(prep, **send_kwargs)
  File "/usr/lib/python3.13/site-packages/requests/sessions.py", line 703, in send
    r = adapter.send(request, **kwargs)
  File "/usr/lib/python3.13/site-packages/requests/adapters.py", line 677, in send
    raise ConnectionError(e, request=request)
requests.exceptions.ConnectionError: HTTPSConnectionPool(host='wttr.in', port=443): Max retries exceeded with url: /?format=j1 (Caused by NameResolutionError("<urllib3.connection.HTTPSConnection object at 0x7fcab0b36e40>: Failed to resolve 'wttr.in' ([Errno -3] Temporary failure in name resolution)"))
Gdk-Message: 14:13:55.768: Error reading events from display: Broken pipe

(waybar:94733): Gtk-WARNING **: 23:45:11.715: Theme parsing error: gtk.css:2:9: 'display' is not a valid property name
[2025-09-26 23:45:11.755] [info] Using configuration file /home/sujjalbtw/.config/waybar/config.jsonc
[2025-09-26 23:45:11.758] [info] Discovered appearance 'dark'
[2025-09-26 23:45:11.787] [info] Using CSS file /home/sujjalbtw/.config/waybar/style.css
[2025-09-26 23:45:11.796] [info] Hyprland IPC starting
[2025-09-26 23:45:11.799] [info] Loading persistent workspaces from Hyprland workspace rules
[2025-09-26 23:45:11.800] [warning] 'swap-icon-label' must be a bool.
[2025-09-26 23:45:11.884] [warning] Requested height: 28 is less than the minimum height: 46 required by the modules
[2025-09-26 23:45:11.884] [info] Bar configured (width: 1920, height: 46) for output: eDP-1

** (waybar:94733): WARNING **: 23:45:11.901: Status Notifier Item with bus name ':1.91' and object path '/org/ayatana/NotificationItem/nm_applet' is already registered
Traceback (most recent call last):
  File "/usr/lib/python3.13/site-packages/urllib3/connectionpool.py", line 787, in urlopen
    response = self._make_request(
        conn,
    ...<10 lines>...
        **response_kw,
    )
  File "/usr/lib/python3.13/site-packages/urllib3/connectionpool.py", line 488, in _make_request
    raise new_e
  File "/usr/lib/python3.13/site-packages/urllib3/connectionpool.py", line 464, in _make_request
    self._validate_conn(conn)
    ~~~~~~~~~~~~~~~~~~~^^^^^^
  File "/usr/lib/python3.13/site-packages/urllib3/connectionpool.py", line 1093, in _validate_conn
    conn.connect()
    ~~~~~~~~~~~~^^
  File "/usr/lib/python3.13/site-packages/urllib3/connection.py", line 790, in connect
    sock_and_verified = _ssl_wrap_socket_and_match_hostname(
        sock=sock,
    ...<14 lines>...
        assert_fingerprint=self.assert_fingerprint,
    )
  File "/usr/lib/python3.13/site-packages/urllib3/connection.py", line 969, in _ssl_wrap_socket_and_match_hostname
    ssl_sock = ssl_wrap_socket(
        sock=sock,
    ...<8 lines>...
        tls_in_tls=tls_in_tls,
    )
  File "/usr/lib/python3.13/site-packages/urllib3/util/ssl_.py", line 480, in ssl_wrap_socket
    ssl_sock = _ssl_wrap_socket_impl(sock, context, tls_in_tls, server_hostname)
  File "/usr/lib/python3.13/site-packages/urllib3/util/ssl_.py", line 524, in _ssl_wrap_socket_impl
    return ssl_context.wrap_socket(sock, server_hostname=server_hostname)
           ~~~~~~~~~~~~~~~~~~~~~~~^^^^^^^^^^^^^^^^^^^^^^^^^^^^^^^^^^^^^^^
  File "/usr/lib/python3.13/ssl.py", line 455, in wrap_socket
    return self.sslsocket_class._create(
           ~~~~~~~~~~~~~~~~~~~~~~~~~~~~^
        sock=sock,
        ^^^^^^^^^^
    ...<5 lines>...
        session=session
        ^^^^^^^^^^^^^^^
    )
    ^
  File "/usr/lib/python3.13/ssl.py", line 1076, in _create
    self.do_handshake()
    ~~~~~~~~~~~~~~~~~^^
  File "/usr/lib/python3.13/ssl.py", line 1372, in do_handshake
    self._sslobj.do_handshake()
    ~~~~~~~~~~~~~~~~~~~~~~~~~^^
ConnectionResetError: [Errno 104] Connection reset by peer

During handling of the above exception, another exception occurred:

Traceback (most recent call last):
  File "/usr/lib/python3.13/site-packages/requests/adapters.py", line 644, in send
    resp = conn.urlopen(
        method=request.method,
    ...<9 lines>...
        chunked=chunked,
    )
  File "/usr/lib/python3.13/site-packages/urllib3/connectionpool.py", line 841, in urlopen
    retries = retries.increment(
        method, url, error=new_e, _pool=self, _stacktrace=sys.exc_info()[2]
    )
  File "/usr/lib/python3.13/site-packages/urllib3/util/retry.py", line 474, in increment
    raise reraise(type(error), error, _stacktrace)
          ~~~~~~~^^^^^^^^^^^^^^^^^^^^^^^^^^^^^^^^^
  File "/usr/lib/python3.13/site-packages/urllib3/util/util.py", line 38, in reraise
    raise value.with_traceback(tb)
  File "/usr/lib/python3.13/site-packages/urllib3/connectionpool.py", line 787, in urlopen
    response = self._make_request(
        conn,
    ...<10 lines>...
        **response_kw,
    )
  File "/usr/lib/python3.13/site-packages/urllib3/connectionpool.py", line 488, in _make_request
    raise new_e
  File "/usr/lib/python3.13/site-packages/urllib3/connectionpool.py", line 464, in _make_request
    self._validate_conn(conn)
    ~~~~~~~~~~~~~~~~~~~^^^^^^
  File "/usr/lib/python3.13/site-packages/urllib3/connectionpool.py", line 1093, in _validate_conn
    conn.connect()
    ~~~~~~~~~~~~^^
  File "/usr/lib/python3.13/site-packages/urllib3/connection.py", line 790, in connect
    sock_and_verified = _ssl_wrap_socket_and_match_hostname(
        sock=sock,
    ...<14 lines>...
        assert_fingerprint=self.assert_fingerprint,
    )
  File "/usr/lib/python3.13/site-packages/urllib3/connection.py", line 969, in _ssl_wrap_socket_and_match_hostname
    ssl_sock = ssl_wrap_socket(
        sock=sock,
    ...<8 lines>...
        tls_in_tls=tls_in_tls,
    )
  File "/usr/lib/python3.13/site-packages/urllib3/util/ssl_.py", line 480, in ssl_wrap_socket
    ssl_sock = _ssl_wrap_socket_impl(sock, context, tls_in_tls, server_hostname)
  File "/usr/lib/python3.13/site-packages/urllib3/util/ssl_.py", line 524, in _ssl_wrap_socket_impl
    return ssl_context.wrap_socket(sock, server_hostname=server_hostname)
           ~~~~~~~~~~~~~~~~~~~~~~~^^^^^^^^^^^^^^^^^^^^^^^^^^^^^^^^^^^^^^^
  File "/usr/lib/python3.13/ssl.py", line 455, in wrap_socket
    return self.sslsocket_class._create(
           ~~~~~~~~~~~~~~~~~~~~~~~~~~~~^
        sock=sock,
        ^^^^^^^^^^
    ...<5 lines>...
        session=session
        ^^^^^^^^^^^^^^^
    )
    ^
  File "/usr/lib/python3.13/ssl.py", line 1076, in _create
    self.do_handshake()
    ~~~~~~~~~~~~~~~~~^^
  File "/usr/lib/python3.13/ssl.py", line 1372, in do_handshake
    self._sslobj.do_handshake()
    ~~~~~~~~~~~~~~~~~~~~~~~~~^^
urllib3.exceptions.ProtocolError: ('Connection aborted.', ConnectionResetError(104, 'Connection reset by peer'))

During handling of the above exception, another exception occurred:

Traceback (most recent call last):
  File "/home/sujjalbtw/.config/waybar/scripts/waybar-wttr.py", line 61, in <module>
    weather = requests.get("https://wttr.in/?format=j1").json()
              ~~~~~~~~~~~~^^^^^^^^^^^^^^^^^^^^^^^^^^^^^^
  File "/usr/lib/python3.13/site-packages/requests/api.py", line 73, in get
    return request("get", url, params=params, **kwargs)
  File "/usr/lib/python3.13/site-packages/requests/api.py", line 59, in request
    return session.request(method=method, url=url, **kwargs)
           ~~~~~~~~~~~~~~~^^^^^^^^^^^^^^^^^^^^^^^^^^^^^^^^^^
  File "/usr/lib/python3.13/site-packages/requests/sessions.py", line 589, in request
    resp = self.send(prep, **send_kwargs)
  File "/usr/lib/python3.13/site-packages/requests/sessions.py", line 703, in send
    r = adapter.send(request, **kwargs)
  File "/usr/lib/python3.13/site-packages/requests/adapters.py", line 659, in send
    raise ConnectionError(err, request=request)
requests.exceptions.ConnectionError: ('Connection aborted.', ConnectionResetError(104, 'Connection reset by peer'))
[2025-09-26 23:46:54.532] [info] Hyprland config reloaded, reinitializing hyprland/workspaces module...
[2025-09-26 23:46:54.535] [info] Loading persistent workspaces from Hyprland workspace rules
[2025-09-26 23:46:56.547] [info] Hyprland config reloaded, reinitializing hyprland/workspaces module...
[2025-09-26 23:46:56.554] [info] Loading persistent workspaces from Hyprland workspace rules
[2025-09-26 23:46:57.829] [info] Hyprland config reloaded, reinitializing hyprland/workspaces module...
[2025-09-26 23:46:57.833] [info] Loading persistent workspaces from Hyprland workspace rules
[2025-09-26 23:47:01.009] [info] Hyprland config reloaded, reinitializing hyprland/workspaces module...
[2025-09-26 23:47:01.013] [info] Loading persistent workspaces from Hyprland workspace rules
[2025-09-26 23:47:05.172] [info] Hyprland config reloaded, reinitializing hyprland/workspaces module...
[2025-09-26 23:47:05.176] [info] Loading persistent workspaces from Hyprland workspace rules
urllib3.exceptions.SSLError: [SSL] record layer failure (_ssl.c:2657)

The above exception was the direct cause of the following exception:

Traceback (most recent call last):
  File "/usr/lib/python3.13/site-packages/requests/adapters.py", line 644, in send
    resp = conn.urlopen(
        method=request.method,
    ...<9 lines>...
        chunked=chunked,
    )
  File "/usr/lib/python3.13/site-packages/urllib3/connectionpool.py", line 841, in urlopen
    retries = retries.increment(
        method, url, error=new_e, _pool=self, _stacktrace=sys.exc_info()[2]
    )
  File "/usr/lib/python3.13/site-packages/urllib3/util/retry.py", line 519, in increment
    raise MaxRetryError(_pool, url, reason) from reason  # type: ignore[arg-type]
    ^^^^^^^^^^^^^^^^^^^^^^^^^^^^^^^^^^^^^^^^^^^^^^^^^^^
urllib3.exceptions.MaxRetryError: HTTPSConnectionPool(host='wttr.in', port=443): Max retries exceeded with url: /?format=j1 (Caused by SSLError(SSLError(1, '[SSL] record layer failure (_ssl.c:2657)')))

During handling of the above exception, another exception occurred:

Traceback (most recent call last):
  File "/home/sujjalbtw/.config/waybar/scripts/waybar-wttr.py", line 61, in <module>
    weather = requests.get("https://wttr.in/?format=j1").json()
              ~~~~~~~~~~~~^^^^^^^^^^^^^^^^^^^^^^^^^^^^^^
  File "/usr/lib/python3.13/site-packages/requests/api.py", line 73, in get
    return request("get", url, params=params, **kwargs)
  File "/usr/lib/python3.13/site-packages/requests/api.py", line 59, in request
    return session.request(method=method, url=url, **kwargs)
           ~~~~~~~~~~~~~~~^^^^^^^^^^^^^^^^^^^^^^^^^^^^^^^^^^
  File "/usr/lib/python3.13/site-packages/requests/sessions.py", line 589, in request
    resp = self.send(prep, **send_kwargs)
  File "/usr/lib/python3.13/site-packages/requests/sessions.py", line 703, in send
    r = adapter.send(request, **kwargs)
  File "/usr/lib/python3.13/site-packages/requests/adapters.py", line 675, in send
    raise SSLError(e, request=request)
requests.exceptions.SSLError: HTTPSConnectionPool(host='wttr.in', port=443): Max retries exceeded with url: /?format=j1 (Caused by SSLError(SSLError(1, '[SSL] record layer failure (_ssl.c:2657)')))
[2025-09-26 23:48:46.568] [info] Hyprland config reloaded, reinitializing hyprland/workspaces module...
[2025-09-26 23:48:46.605] [info] Loading persistent workspaces from Hyprland workspace rules
[2025-09-26 23:48:57.352] [info] Hyprland config reloaded, reinitializing hyprland/workspaces module...
[2025-09-26 23:48:57.380] [info] Loading persistent workspaces from Hyprland workspace rules
[2025-09-26 23:48:59.090] [info] Hyprland config reloaded, reinitializing hyprland/workspaces module...
[2025-09-26 23:48:59.095] [info] Loading persistent workspaces from Hyprland workspace rules
[2025-09-26 23:49:04.452] [info] Hyprland config reloaded, reinitializing hyprland/workspaces module...
[2025-09-26 23:49:04.456] [info] Loading persistent workspaces from Hyprland workspace rules
[2025-09-26 23:54:12.525] [info] Hyprland config reloaded, reinitializing hyprland/workspaces module...
[2025-09-26 23:54:12.555] [info] Loading persistent workspaces from Hyprland workspace rules
[2025-09-26 23:56:36.524] [info] Hyprland config reloaded, reinitializing hyprland/workspaces module...
[2025-09-26 23:56:36.528] [info] Loading persistent workspaces from Hyprland workspace rules
[2025-09-26 23:56:52.444] [info] Hyprland config reloaded, reinitializing hyprland/workspaces module...
[2025-09-26 23:56:52.448] [info] Loading persistent workspaces from Hyprland workspace rules
[2025-09-26 23:56:57.906] [info] Hyprland config reloaded, reinitializing hyprland/workspaces module...
[2025-09-26 23:56:57.910] [info] Loading persistent workspaces from Hyprland workspace rules
[2025-09-26 23:57:16.675] [info] Hyprland config reloaded, reinitializing hyprland/workspaces module...
[2025-09-26 23:57:16.710] [info] Loading persistent workspaces from Hyprland workspace rules
[2025-09-26 23:57:24.766] [info] Hyprland config reloaded, reinitializing hyprland/workspaces module...
[2025-09-26 23:57:24.769] [info] Loading persistent workspaces from Hyprland workspace rules
[2025-09-26 23:57:28.146] [info] Hyprland config reloaded, reinitializing hyprland/workspaces module...
[2025-09-26 23:57:28.150] [info] Loading persistent workspaces from Hyprland workspace rules
[2025-09-26 23:57:30.243] [info] Hyprland config reloaded, reinitializing hyprland/workspaces module...
[2025-09-26 23:57:30.280] [info] Loading persistent workspaces from Hyprland workspace rules
[2025-09-26 23:57:33.375] [info] Hyprland config reloaded, reinitializing hyprland/workspaces module...
[2025-09-26 23:57:33.376] [info] Bar configured (width: 1920, height: 46) for output: eDP-1
[2025-09-26 23:57:33.630] [info] Bar configured (width: 1920, height: 46) for output: eDP-1
[2025-09-26 23:57:33.649] [info] Loading persistent workspaces from Hyprland workspace rules
[2025-09-26 23:57:33.680] [info] Hyprland config reloaded, reinitializing hyprland/workspaces module...
[2025-09-26 23:57:33.723] [info] Loading persistent workspaces from Hyprland workspace rules
[2025-09-26 23:57:35.042] [info] Hyprland config reloaded, reinitializing hyprland/workspaces module...
[2025-09-26 23:57:35.290] [info] Loading persistent workspaces from Hyprland workspace rules
[2025-09-26 23:57:43.556] [info] Hyprland config reloaded, reinitializing hyprland/workspaces module...
[2025-09-26 23:57:43.602] [info] Loading persistent workspaces from Hyprland workspace rules
[2025-09-26 23:57:44.797] [info] Hyprland config reloaded, reinitializing hyprland/workspaces module...
[2025-09-26 23:57:44.836] [info] Loading persistent workspaces from Hyprland workspace rules
[2025-09-26 23:58:44.380] [info] Hyprland config reloaded, reinitializing hyprland/workspaces module...
[2025-09-26 23:58:44.385] [info] Loading persistent workspaces from Hyprland workspace rules
[2025-09-27 00:00:07.407] [info] Hyprland config reloaded, reinitializing hyprland/workspaces module...
[2025-09-27 00:00:07.412] [info] Loading persistent workspaces from Hyprland workspace rules
[2025-09-27 00:00:14.751] [info] Hyprland config reloaded, reinitializing hyprland/workspaces module...
[2025-09-27 00:00:14.756] [info] Loading persistent workspaces from Hyprland workspace rules
[2025-09-27 00:00:20.662] [info] Hyprland config reloaded, reinitializing hyprland/workspaces module...
[2025-09-27 00:00:20.667] [info] Loading persistent workspaces from Hyprland workspace rules
[2025-09-27 00:00:27.141] [info] Hyprland config reloaded, reinitializing hyprland/workspaces module...
[2025-09-27 00:00:27.146] [info] Loading persistent workspaces from Hyprland workspace rules
[2025-09-27 00:00:34.234] [info] Hyprland config reloaded, reinitializing hyprland/workspaces module...
[2025-09-27 00:00:34.238] [info] Loading persistent workspaces from Hyprland workspace rules
[2025-09-27 00:00:46.440] [info] Hyprland config reloaded, reinitializing hyprland/workspaces module...
[2025-09-27 00:00:46.444] [info] Loading persistent workspaces from Hyprland workspace rules
[2025-09-27 00:00:51.835] [info] Hyprland config reloaded, reinitializing hyprland/workspaces module...
[2025-09-27 00:00:51.840] [info] Loading persistent workspaces from Hyprland workspace rules
[2025-09-27 00:01:07.811] [info] Hyprland config reloaded, reinitializing hyprland/workspaces module...
[2025-09-27 00:01:07.875] [info] Loading persistent workspaces from Hyprland workspace rules
[2025-09-27 00:01:10.452] [info] Hyprland config reloaded, reinitializing hyprland/workspaces module...
[2025-09-27 00:01:10.457] [info] Loading persistent workspaces from Hyprland workspace rules
[2025-09-27 00:01:29.985] [info] Hyprland config reloaded, reinitializing hyprland/workspaces module...
[2025-09-27 00:01:29.991] [info] Loading persistent workspaces from Hyprland workspace rules
[2025-09-27 00:02:10.246] [info] Hyprland config reloaded, reinitializing hyprland/workspaces module...
[2025-09-27 00:02:10.248] [info] Loading persistent workspaces from Hyprland workspace rules
[2025-09-27 00:04:52.522] [info] Hyprland config reloaded, reinitializing hyprland/workspaces module...
[2025-09-27 00:04:52.523] [info] Loading persistent workspaces from Hyprland workspace rules
Traceback (most recent call last):
  File "/usr/lib/python3.13/site-packages/urllib3/connection.py", line 198, in _new_conn
    sock = connection.create_connection(
        (self._dns_host, self.port),
    ...<2 lines>...
        socket_options=self.socket_options,
    )
  File "/usr/lib/python3.13/site-packages/urllib3/util/connection.py", line 60, in create_connection
    for res in socket.getaddrinfo(host, port, family, socket.SOCK_STREAM):
               ~~~~~~~~~~~~~~~~~~^^^^^^^^^^^^^^^^^^^^^^^^^^^^^^^^^^^^^^^^
  File "/usr/lib/python3.13/socket.py", line 977, in getaddrinfo
    for res in _socket.getaddrinfo(host, port, family, type, proto, flags):
               ~~~~~~~~~~~~~~~~~~~^^^^^^^^^^^^^^^^^^^^^^^^^^^^^^^^^^^^^^^^
socket.gaierror: [Errno -3] Temporary failure in name resolution

The above exception was the direct cause of the following exception:

Traceback (most recent call last):
  File "/usr/lib/python3.13/site-packages/urllib3/connectionpool.py", line 787, in urlopen
    response = self._make_request(
        conn,
    ...<10 lines>...
        **response_kw,
    )
  File "/usr/lib/python3.13/site-packages/urllib3/connectionpool.py", line 488, in _make_request
    raise new_e
  File "/usr/lib/python3.13/site-packages/urllib3/connectionpool.py", line 464, in _make_request
    self._validate_conn(conn)
    ~~~~~~~~~~~~~~~~~~~^^^^^^
  File "/usr/lib/python3.13/site-packages/urllib3/connectionpool.py", line 1093, in _validate_conn
    conn.connect()
    ~~~~~~~~~~~~^^
  File "/usr/lib/python3.13/site-packages/urllib3/connection.py", line 753, in connect
    self.sock = sock = self._new_conn()
                       ~~~~~~~~~~~~~~^^
  File "/usr/lib/python3.13/site-packages/urllib3/connection.py", line 205, in _new_conn
    raise NameResolutionError(self.host, self, e) from e
urllib3.exceptions.NameResolutionError: <urllib3.connection.HTTPSConnection object at 0x7f03fe906e40>: Failed to resolve 'wttr.in' ([Errno -3] Temporary failure in name resolution)

The above exception was the direct cause of the following exception:

Traceback (most recent call last):
  File "/usr/lib/python3.13/site-packages/requests/adapters.py", line 644, in send
    resp = conn.urlopen(
        method=request.method,
    ...<9 lines>...
        chunked=chunked,
    )
  File "/usr/lib/python3.13/site-packages/urllib3/connectionpool.py", line 841, in urlopen
    retries = retries.increment(
        method, url, error=new_e, _pool=self, _stacktrace=sys.exc_info()[2]
    )
  File "/usr/lib/python3.13/site-packages/urllib3/util/retry.py", line 519, in increment
    raise MaxRetryError(_pool, url, reason) from reason  # type: ignore[arg-type]
    ^^^^^^^^^^^^^^^^^^^^^^^^^^^^^^^^^^^^^^^^^^^^^^^^^^^
urllib3.exceptions.MaxRetryError: HTTPSConnectionPool(host='wttr.in', port=443): Max retries exceeded with url: /?format=j1 (Caused by NameResolutionError("<urllib3.connection.HTTPSConnection object at 0x7f03fe906e40>: Failed to resolve 'wttr.in' ([Errno -3] Temporary failure in name resolution)"))

During handling of the above exception, another exception occurred:

Traceback (most recent call last):
  File "/home/sujjalbtw/.config/waybar/scripts/waybar-wttr.py", line 61, in <module>
    weather = requests.get("https://wttr.in/?format=j1").json()
              ~~~~~~~~~~~~^^^^^^^^^^^^^^^^^^^^^^^^^^^^^^
  File "/usr/lib/python3.13/site-packages/requests/api.py", line 73, in get
    return request("get", url, params=params, **kwargs)
  File "/usr/lib/python3.13/site-packages/requests/api.py", line 59, in request
    return session.request(method=method, url=url, **kwargs)
           ~~~~~~~~~~~~~~~^^^^^^^^^^^^^^^^^^^^^^^^^^^^^^^^^^
  File "/usr/lib/python3.13/site-packages/requests/sessions.py", line 589, in request
    resp = self.send(prep, **send_kwargs)
  File "/usr/lib/python3.13/site-packages/requests/sessions.py", line 703, in send
    r = adapter.send(request, **kwargs)
  File "/usr/lib/python3.13/site-packages/requests/adapters.py", line 677, in send
    raise ConnectionError(e, request=request)
requests.exceptions.ConnectionError: HTTPSConnectionPool(host='wttr.in', port=443): Max retries exceeded with url: /?format=j1 (Caused by NameResolutionError("<urllib3.connection.HTTPSConnection object at 0x7f03fe906e40>: Failed to resolve 'wttr.in' ([Errno -3] Temporary failure in name resolution)"))
Traceback (most recent call last):
  File "/usr/lib/python3.13/site-packages/urllib3/connection.py", line 198, in _new_conn
    sock = connection.create_connection(
        (self._dns_host, self.port),
    ...<2 lines>...
        socket_options=self.socket_options,
    )
  File "/usr/lib/python3.13/site-packages/urllib3/util/connection.py", line 60, in create_connection
    for res in socket.getaddrinfo(host, port, family, socket.SOCK_STREAM):
               ~~~~~~~~~~~~~~~~~~^^^^^^^^^^^^^^^^^^^^^^^^^^^^^^^^^^^^^^^^
  File "/usr/lib/python3.13/socket.py", line 977, in getaddrinfo
    for res in _socket.getaddrinfo(host, port, family, type, proto, flags):
               ~~~~~~~~~~~~~~~~~~~^^^^^^^^^^^^^^^^^^^^^^^^^^^^^^^^^^^^^^^^
socket.gaierror: [Errno -3] Temporary failure in name resolution

The above exception was the direct cause of the following exception:

Traceback (most recent call last):
  File "/usr/lib/python3.13/site-packages/urllib3/connectionpool.py", line 787, in urlopen
    response = self._make_request(
        conn,
    ...<10 lines>...
        **response_kw,
    )
  File "/usr/lib/python3.13/site-packages/urllib3/connectionpool.py", line 488, in _make_request
    raise new_e
  File "/usr/lib/python3.13/site-packages/urllib3/connectionpool.py", line 464, in _make_request
    self._validate_conn(conn)
    ~~~~~~~~~~~~~~~~~~~^^^^^^
  File "/usr/lib/python3.13/site-packages/urllib3/connectionpool.py", line 1093, in _validate_conn
    conn.connect()
    ~~~~~~~~~~~~^^
  File "/usr/lib/python3.13/site-packages/urllib3/connection.py", line 753, in connect
    self.sock = sock = self._new_conn()
                       ~~~~~~~~~~~~~~^^
  File "/usr/lib/python3.13/site-packages/urllib3/connection.py", line 205, in _new_conn
    raise NameResolutionError(self.host, self, e) from e
urllib3.exceptions.NameResolutionError: <urllib3.connection.HTTPSConnection object at 0x7f8d8880ae40>: Failed to resolve 'wttr.in' ([Errno -3] Temporary failure in name resolution)

The above exception was the direct cause of the following exception:

Traceback (most recent call last):
  File "/usr/lib/python3.13/site-packages/requests/adapters.py", line 644, in send
    resp = conn.urlopen(
        method=request.method,
    ...<9 lines>...
        chunked=chunked,
    )
  File "/usr/lib/python3.13/site-packages/urllib3/connectionpool.py", line 841, in urlopen
    retries = retries.increment(
        method, url, error=new_e, _pool=self, _stacktrace=sys.exc_info()[2]
    )
  File "/usr/lib/python3.13/site-packages/urllib3/util/retry.py", line 519, in increment
    raise MaxRetryError(_pool, url, reason) from reason  # type: ignore[arg-type]
    ^^^^^^^^^^^^^^^^^^^^^^^^^^^^^^^^^^^^^^^^^^^^^^^^^^^
urllib3.exceptions.MaxRetryError: HTTPSConnectionPool(host='wttr.in', port=443): Max retries exceeded with url: /?format=j1 (Caused by NameResolutionError("<urllib3.connection.HTTPSConnection object at 0x7f8d8880ae40>: Failed to resolve 'wttr.in' ([Errno -3] Temporary failure in name resolution)"))

During handling of the above exception, another exception occurred:

Traceback (most recent call last):
  File "/home/sujjalbtw/.config/waybar/scripts/waybar-wttr.py", line 61, in <module>
    weather = requests.get("https://wttr.in/?format=j1").json()
              ~~~~~~~~~~~~^^^^^^^^^^^^^^^^^^^^^^^^^^^^^^
  File "/usr/lib/python3.13/site-packages/requests/api.py", line 73, in get
    return request("get", url, params=params, **kwargs)
  File "/usr/lib/python3.13/site-packages/requests/api.py", line 59, in request
    return session.request(method=method, url=url, **kwargs)
           ~~~~~~~~~~~~~~~^^^^^^^^^^^^^^^^^^^^^^^^^^^^^^^^^^
  File "/usr/lib/python3.13/site-packages/requests/sessions.py", line 589, in request
    resp = self.send(prep, **send_kwargs)
  File "/usr/lib/python3.13/site-packages/requests/sessions.py", line 703, in send
    r = adapter.send(request, **kwargs)
  File "/usr/lib/python3.13/site-packages/requests/adapters.py", line 677, in send
    raise ConnectionError(e, request=request)
requests.exceptions.ConnectionError: HTTPSConnectionPool(host='wttr.in', port=443): Max retries exceeded with url: /?format=j1 (Caused by NameResolutionError("<urllib3.connection.HTTPSConnection object at 0x7f8d8880ae40>: Failed to resolve 'wttr.in' ([Errno -3] Temporary failure in name resolution)"))
Traceback (most recent call last):
  File "/usr/lib/python3.13/site-packages/urllib3/connection.py", line 198, in _new_conn
    sock = connection.create_connection(
        (self._dns_host, self.port),
    ...<2 lines>...
        socket_options=self.socket_options,
    )
  File "/usr/lib/python3.13/site-packages/urllib3/util/connection.py", line 60, in create_connection
    for res in socket.getaddrinfo(host, port, family, socket.SOCK_STREAM):
               ~~~~~~~~~~~~~~~~~~^^^^^^^^^^^^^^^^^^^^^^^^^^^^^^^^^^^^^^^^
  File "/usr/lib/python3.13/socket.py", line 977, in getaddrinfo
    for res in _socket.getaddrinfo(host, port, family, type, proto, flags):
               ~~~~~~~~~~~~~~~~~~~^^^^^^^^^^^^^^^^^^^^^^^^^^^^^^^^^^^^^^^^
socket.gaierror: [Errno -3] Temporary failure in name resolution

The above exception was the direct cause of the following exception:

Traceback (most recent call last):
  File "/usr/lib/python3.13/site-packages/urllib3/connectionpool.py", line 787, in urlopen
    response = self._make_request(
        conn,
    ...<10 lines>...
        **response_kw,
    )
  File "/usr/lib/python3.13/site-packages/urllib3/connectionpool.py", line 488, in _make_request
    raise new_e
  File "/usr/lib/python3.13/site-packages/urllib3/connectionpool.py", line 464, in _make_request
    self._validate_conn(conn)
    ~~~~~~~~~~~~~~~~~~~^^^^^^
  File "/usr/lib/python3.13/site-packages/urllib3/connectionpool.py", line 1093, in _validate_conn
    conn.connect()
    ~~~~~~~~~~~~^^
  File "/usr/lib/python3.13/site-packages/urllib3/connection.py", line 753, in connect
    self.sock = sock = self._new_conn()
                       ~~~~~~~~~~~~~~^^
  File "/usr/lib/python3.13/site-packages/urllib3/connection.py", line 205, in _new_conn
    raise NameResolutionError(self.host, self, e) from e
urllib3.exceptions.NameResolutionError: <urllib3.connection.HTTPSConnection object at 0x7fabc484ae40>: Failed to resolve 'wttr.in' ([Errno -3] Temporary failure in name resolution)

The above exception was the direct cause of the following exception:

Traceback (most recent call last):
  File "/usr/lib/python3.13/site-packages/requests/adapters.py", line 644, in send
    resp = conn.urlopen(
        method=request.method,
    ...<9 lines>...
        chunked=chunked,
    )
  File "/usr/lib/python3.13/site-packages/urllib3/connectionpool.py", line 841, in urlopen
    retries = retries.increment(
        method, url, error=new_e, _pool=self, _stacktrace=sys.exc_info()[2]
    )
  File "/usr/lib/python3.13/site-packages/urllib3/util/retry.py", line 519, in increment
    raise MaxRetryError(_pool, url, reason) from reason  # type: ignore[arg-type]
    ^^^^^^^^^^^^^^^^^^^^^^^^^^^^^^^^^^^^^^^^^^^^^^^^^^^
urllib3.exceptions.MaxRetryError: HTTPSConnectionPool(host='wttr.in', port=443): Max retries exceeded with url: /?format=j1 (Caused by NameResolutionError("<urllib3.connection.HTTPSConnection object at 0x7fabc484ae40>: Failed to resolve 'wttr.in' ([Errno -3] Temporary failure in name resolution)"))

During handling of the above exception, another exception occurred:

Traceback (most recent call last):
  File "/home/sujjalbtw/.config/waybar/scripts/waybar-wttr.py", line 61, in <module>
    weather = requests.get("https://wttr.in/?format=j1").json()
              ~~~~~~~~~~~~^^^^^^^^^^^^^^^^^^^^^^^^^^^^^^
  File "/usr/lib/python3.13/site-packages/requests/api.py", line 73, in get
    return request("get", url, params=params, **kwargs)
  File "/usr/lib/python3.13/site-packages/requests/api.py", line 59, in request
    return session.request(method=method, url=url, **kwargs)
           ~~~~~~~~~~~~~~~^^^^^^^^^^^^^^^^^^^^^^^^^^^^^^^^^^
  File "/usr/lib/python3.13/site-packages/requests/sessions.py", line 589, in request
    resp = self.send(prep, **send_kwargs)
  File "/usr/lib/python3.13/site-packages/requests/sessions.py", line 703, in send
    r = adapter.send(request, **kwargs)
  File "/usr/lib/python3.13/site-packages/requests/adapters.py", line 677, in send
    raise ConnectionError(e, request=request)
requests.exceptions.ConnectionError: HTTPSConnectionPool(host='wttr.in', port=443): Max retries exceeded with url: /?format=j1 (Caused by NameResolutionError("<urllib3.connection.HTTPSConnection object at 0x7fabc484ae40>: Failed to resolve 'wttr.in' ([Errno -3] Temporary failure in name resolution)"))
[2025-09-27 00:15:00.090] [info] Hyprland config reloaded, reinitializing hyprland/workspaces module...
[2025-09-27 00:15:00.105] [info] Loading persistent workspaces from Hyprland workspace rules
[2025-09-27 00:15:22.500] [info] Hyprland config reloaded, reinitializing hyprland/workspaces module...
[2025-09-27 00:15:22.559] [info] Loading persistent workspaces from Hyprland workspace rules
[2025-09-27 00:16:47.963] [info] Hyprland config reloaded, reinitializing hyprland/workspaces module...
[2025-09-27 00:16:47.968] [info] Loading persistent workspaces from Hyprland workspace rules
Gdk-Message: 00:28:08.826: Error reading events from display: Broken pipe
